[00:10:18] [Server thread/INFO]: [Not Secure] <PotatoUltraCute> planes
[00:10:23] [c2me-worker-2/WARN]: Template pool fallback chain found: explorify:farmstead/build -> explorify:farmstead/build
[00:10:23] [c2me-worker-2/WARN]: Template pool fallback chain found: explorify:farmstead/build -> explorify:farmstead/build
[00:10:23] [c2me-worker-2/WARN]: Template pool fallback chain found: explorify:farmstead/build -> explorify:farmstead/build
[00:10:23] [c2me-worker-2/WARN]: Template pool fallback chain found: explorify:farmstead/build -> explorify:farmstead/build
[00:10:23] [c2me-worker-2/WARN]: Template pool fallback chain found: explorify:farmstead/build -> explorify:farmstead/build
[00:10:23] [c2me-worker-2/WARN]: Template pool fallback chain found: explorify:farmstead/build -> explorify:farmstead/build
[00:10:23] [c2me-worker-2/WARN]: Template pool fallback chain found: explorify:farmstead/build -> explorify:farmstead/build
[00:10:23] [c2me-worker-2/WARN]: Template pool fallback chain found: explorify:farmstead/build -> explorify:farmstead/build
[00:10:23] [c2me-worker-2/WARN]: Template pool fallback chain found: explorify:farmstead/build -> explorify:farmstead/build
[00:10:23] [c2me-worker-2/WARN]: Template pool fallback chain found: explorify:farmstead/build -> explorify:farmstead/build
[00:10:23] [c2me-worker-2/WARN]: Template pool fallback chain found: explorify:farmstead/build -> explorify:farmstead/build
[00:10:23] [c2me-worker-2/WARN]: Template pool fallback chain found: explorify:farmstead/build -> explorify:farmstead/build
[00:10:23] [c2me-worker-2/WARN]: Template pool fallback chain found: explorify:farmstead/build -> explorify:farmstead/build
[00:10:23] [c2me-worker-2/WARN]: Template pool fallback chain found: explorify:farmstead/build -> explorify:farmstead/build
[00:10:52] [c2me-worker-3/WARN]: Couldn't find template pool reference: ctov:village/vampirism/totem
[00:10:52] [c2me-worker-3/WARN]: Couldn't find template pool reference: ctov:village/bounty/plains
[00:10:52] [c2me-worker-3/WARN]: Couldn't find template pool reference: ctov:village/waystone/normal
[00:11:00] [c2me-worker-0/ERROR]: ThreadLocalRandom accessed from a different thread (owner: Server thread, current: c2me-worker-0)
This is usually NOT a bug in C2ME, but a bug in another mod or in vanilla code. 
Possible solutions: 
  - Find possible causes in the stack trace below and 
    - if caused by another mod, report this to the corresponding mod authors 
    - if no other mods are involved, report this to C2ME 

java.util.ConcurrentModificationException: ThreadLocalRandom accessed from a different thread (owner: Server thread, current: c2me-worker-0)
	at knot/com.ishland.c2me.fixes.worldgen.threading_issues.common.CheckedThreadLocalRandom.handleNotOwner(CheckedThreadLocalRandom.java:55) ~[c2me-fixes-worldgen-threading-is.1.0+1.21.4-42d708481d21769f.jar:?]
	at knot/com.ishland.c2me.fixes.worldgen.threading_issues.common.CheckedThreadLocalRandom.isSafe(CheckedThreadLocalRandom.java:38) ~[c2me-fixes-worldgen-threading-is.1.0+1.21.4-42d708481d21769f.jar:?]
	at knot/com.ishland.c2me.fixes.worldgen.threading_issues.common.CheckedThreadLocalRandom.method_43156(CheckedThreadLocalRandom.java:86) ~[c2me-fixes-worldgen-threading-is.1.0+1.21.4-42d708481d21769f.jar:?]
	at knot/net.minecraft.class_6566.method_43048(class_6566.java:33) ~[server-intermediary.jar:?]
	at knot/net.minecraft.class_4466$class_4472.<init>(class_4466.java:884) ~[server-intermediary.jar:?]
	at knot/net.minecraft.class_4466.method_5959(class_4466.java:224) ~[server-intermediary.jar:?]
	at knot/net.minecraft.class_1308.<init>(net/minecraft/class_1308.java:163) ~[server-intermediary.jar:?]
	at knot/net.minecraft.class_1314.<init>(class_1314.java:17) ~[server-intermediary.jar:?]
	at knot/net.minecraft.class_1296.<init>(net/minecraft/class_1296.java:30) ~[server-intermediary.jar:?]
	at knot/net.minecraft.class_1429.<init>(net/minecraft/class_1429.java:47) ~[server-intermediary.jar:?]
	at knot/net.minecraft.class_4466.<init>(class_4466.java:180) ~[server-intermediary.jar:?]
	at knot/net.minecraft.class_1299.method_5883(net/minecraft/class_1299.java:597) ~[server-intermediary.jar:?]
	at knot/net.minecraft.class_1299.method_17846(net/minecraft/class_1299.java:601) ~[server-intermediary.jar:?]
	at java.base/java.util.Optional.map(Optional.java:260) ~[?:?]
	at knot/net.minecraft.class_1299.method_5892(net/minecraft/class_1299.java:601) ~[server-intermediary.jar:?]
	at knot/net.minecraft.class_3499.method_17916(net/minecraft/class_3499.java:459) ~[server-intermediary.jar:?]
	at knot/net.minecraft.class_3499.method_15179(net/minecraft/class_3499.java:444) ~[server-intermediary.jar:?]
	at knot/net.minecraft.class_3499.method_15172(net/minecraft/class_3499.java:369) ~[server-intermediary.jar:?]
	at knot/net.minecraft.class_3781.method_16626(net/minecraft/class_3781.java:141) ~[server-intermediary.jar:?]
	at knot/net.minecraft.class_3790.method_27236(net/minecraft/class_3790.java:98) ~[server-intermediary.jar:?]
	at knot/net.minecraft.class_3790.method_14931(net/minecraft/class_3790.java:94) ~[server-intermediary.jar:?]
	at knot/net.minecraft.class_3449.method_14974(net/minecraft/class_3449.java:100) ~[server-intermediary.jar:?]
	at knot/net.minecraft.class_2794.method_38265(net/minecraft/class_2794.java:325) ~[server-intermediary.jar:?]
	at knot/com.google.common.collect.ImmutableList.forEach(ImmutableList.java:423) ~[guava-33.3.1-jre.jar:?]
	at knot/net.minecraft.class_2794.method_12102(net/minecraft/class_2794.java:324) ~[server-intermediary.jar:?]
	at knot/net.minecraft.class_9310.method_57610(net/minecraft/class_9310.java:102) ~[server-intermediary.jar:?]
	at knot/net.minecraft.class_9770.method_60560(class_9770.java:33) ~[server-intermediary.jar:?]
	at knot/com.ishland.c2me.rewrites.chunksystem.common.statuses.VanillaWorldGenerationDelegate.lambda$upgradeToThis$8(VanillaWorldGenerationDelegate.java:137) ~[c2me-rewrites-chunk-system-0.3.1.1.0+1.21.4-da93ce0cd5b22344.jar:?]
	at knot/com.ishland.c2me.base.common.scheduler.ScheduledTask.run(ScheduledTask.java:22) [c2me-base-0.3.1.2+rc.1.0+1.21.4-f048f388cfced681.jar:?]
	at knot/com.ishland.flowsched.executor.WorkerThread.pollTasks(WorkerThread.java:57) [c2me-base-0.3.1.2+rc.1.0+1.21.4-f048f388cfced681.jar:?]
	at knot/com.ishland.flowsched.executor.WorkerThread.run(WorkerThread.java:27) [c2me-base-0.3.1.2+rc.1.0+1.21.4-f048f388cfced681.jar:?]
[00:11:00] [c2me-worker-0/ERROR]: ThreadLocalRandom accessed from a different thread (owner: Server thread, current: c2me-worker-0)
This is usually NOT a bug in C2ME, but a bug in another mod or in vanilla code. 
Possible solutions: 
  - Find possible causes in the stack trace below and 
    - if caused by another mod, report this to the corresponding mod authors 
    - if no other mods are involved, report this to C2ME 

java.util.ConcurrentModificationException: ThreadLocalRandom accessed from a different thread (owner: Server thread, current: c2me-worker-0)
	at knot/com.ishland.c2me.fixes.worldgen.threading_issues.common.CheckedThreadLocalRandom.handleNotOwner(CheckedThreadLocalRandom.java:55) ~[c2me-fixes-worldgen-threading-is.1.0+1.21.4-42d708481d21769f.jar:?]
	at knot/com.ishland.c2me.fixes.worldgen.threading_issues.common.CheckedThreadLocalRandom.isSafe(CheckedThreadLocalRandom.java:38) ~[c2me-fixes-worldgen-threading-is.1.0+1.21.4-42d708481d21769f.jar:?]
	at knot/com.ishland.c2me.fixes.worldgen.threading_issues.common.CheckedThreadLocalRandom.method_43156(CheckedThreadLocalRandom.java:86) ~[c2me-fixes-worldgen-threading-is.1.0+1.21.4-42d708481d21769f.jar:?]
	at knot/net.minecraft.class_6566.method_43048(class_6566.java:33) ~[server-intermediary.jar:?]
	at knot/net.minecraft.class_4466$class_4472.<init>(class_4466.java:884) ~[server-intermediary.jar:?]
	at knot/net.minecraft.class_4466.method_5959(class_4466.java:224) ~[server-intermediary.jar:?]
	at knot/net.minecraft.class_1308.<init>(net/minecraft/class_1308.java:163) ~[server-intermediary.jar:?]
	at knot/net.minecraft.class_1314.<init>(class_1314.java:17) ~[server-intermediary.jar:?]
	at knot/net.minecraft.class_1296.<init>(net/minecraft/class_1296.java:30) ~[server-intermediary.jar:?]
	at knot/net.minecraft.class_1429.<init>(net/minecraft/class_1429.java:47) ~[server-intermediary.jar:?]
	at knot/net.minecraft.class_4466.<init>(class_4466.java:180) ~[server-intermediary.jar:?]
	at knot/net.minecraft.class_1299.method_5883(net/minecraft/class_1299.java:597) ~[server-intermediary.jar:?]
	at knot/net.minecraft.class_1299.method_17846(net/minecraft/class_1299.java:601) ~[server-intermediary.jar:?]
	at java.base/java.util.Optional.map(Optional.java:260) ~[?:?]
	at knot/net.minecraft.class_1299.method_5892(net/minecraft/class_1299.java:601) ~[server-intermediary.jar:?]
	at knot/net.minecraft.class_3499.method_17916(net/minecraft/class_3499.java:459) ~[server-intermediary.jar:?]
	at knot/net.minecraft.class_3499.method_15179(net/minecraft/class_3499.java:444) ~[server-intermediary.jar:?]
	at knot/net.minecraft.class_3499.method_15172(net/minecraft/class_3499.java:369) ~[server-intermediary.jar:?]
	at knot/net.minecraft.class_3781.method_16626(net/minecraft/class_3781.java:141) ~[server-intermediary.jar:?]
	at knot/net.minecraft.class_3790.method_27236(net/minecraft/class_3790.java:98) ~[server-intermediary.jar:?]
	at knot/net.minecraft.class_3790.method_14931(net/minecraft/class_3790.java:94) ~[server-intermediary.jar:?]
	at knot/net.minecraft.class_3449.method_14974(net/minecraft/class_3449.java:100) ~[server-intermediary.jar:?]
	at knot/net.minecraft.class_2794.method_38265(net/minecraft/class_2794.java:325) ~[server-intermediary.jar:?]
	at knot/com.google.common.collect.ImmutableList.forEach(ImmutableList.java:423) ~[guava-33.3.1-jre.jar:?]
	at knot/net.minecraft.class_2794.method_12102(net/minecraft/class_2794.java:324) ~[server-intermediary.jar:?]
	at knot/net.minecraft.class_9310.method_57610(net/minecraft/class_9310.java:102) ~[server-intermediary.jar:?]
	at knot/net.minecraft.class_9770.method_60560(class_9770.java:33) ~[server-intermediary.jar:?]
	at knot/com.ishland.c2me.rewrites.chunksystem.common.statuses.VanillaWorldGenerationDelegate.lambda$upgradeToThis$8(VanillaWorldGenerationDelegate.java:137) ~[c2me-rewrites-chunk-system-0.3.1.1.0+1.21.4-da93ce0cd5b22344.jar:?]
	at knot/com.ishland.c2me.base.common.scheduler.ScheduledTask.run(ScheduledTask.java:22) [c2me-base-0.3.1.2+rc.1.0+1.21.4-f048f388cfced681.jar:?]
	at knot/com.ishland.flowsched.executor.WorkerThread.pollTasks(WorkerThread.java:57) [c2me-base-0.3.1.2+rc.1.0+1.21.4-f048f388cfced681.jar:?]
	at knot/com.ishland.flowsched.executor.WorkerThread.run(WorkerThread.java:27) [c2me-base-0.3.1.2+rc.1.0+1.21.4-f048f388cfced681.jar:?]
[00:11:06] [c2me-worker-3/ERROR]: Failed to parse vibration listener for Allay: 'No key selector in MapLike[{event_delay:0,event_distance:0.0f,range:16,source:{source_entity:[I;-1657608553,-181188645,-1970306320,-21935466],type:"minecraft:entity",y_offset:0.36f}}]'
[00:11:06] [c2me-worker-3/ERROR]: Failed to parse vibration listener for Allay: 'No key selector in MapLike[{event_delay:0,event_distance:0.0f,range:16,source:{source_entity:[I;-492208151,2130201996,-1638321847,-236952269],type:"minecraft:entity",y_offset:0.36f}}]'
[00:11:06] [c2me-worker-3/ERROR]: Failed to parse vibration listener for Allay: 'No key selector in MapLike[{event_delay:0,event_distance:0.0f,range:16,source:{source_entity:[I;-1534938430,-1634907265,-1933425779,1714146874],type:"minecraft:entity",y_offset:0.36f}}]'
[00:15:25] [Server thread/INFO]: Villager class_1646['Vagabond'/38228, l='ServerLevel[world]', x=-2453.38, y=82.00, z=13930.09] died, message: 'Vagabond burned to death'
[00:15:25] [Server thread/INFO]: Named entity class_1646['Vagabond'/38228, l='ServerLevel[world]', x=-2453.38, y=82.00, z=13930.09] died: Vagabond burned to death
[00:22:26] [Server thread/INFO]: Villager class_1646['Thao Thi Hong'/40519, l='ServerLevel[world]', x=-2765.70, y=71.00, z=14203.50] died, message: 'Thao Thi Hong was slain by Zombie'
[00:22:26] [Server thread/INFO]: Named entity class_1646['Thao Thi Hong'/40519, l='ServerLevel[world]', x=-2765.70, y=71.00, z=14203.50] died: Thao Thi Hong was slain by Zombie
[00:38:51] [c2me-worker-3/WARN]: Template pool fallback chain found: explorify:farmstead/build -> explorify:farmstead/build
[00:38:51] [c2me-worker-3/WARN]: Template pool fallback chain found: explorify:farmstead/build -> explorify:farmstead/build
[00:38:51] [c2me-worker-3/WARN]: Template pool fallback chain found: explorify:farmstead/build -> explorify:farmstead/build
[00:38:51] [c2me-worker-3/WARN]: Template pool fallback chain found: explorify:farmstead/build -> explorify:farmstead/build
[00:38:51] [c2me-worker-3/WARN]: Template pool fallback chain found: explorify:farmstead/build -> explorify:farmstead/build
[00:38:51] [c2me-worker-3/WARN]: Template pool fallback chain found: explorify:farmstead/build -> explorify:farmstead/build
[00:38:51] [c2me-worker-3/WARN]: Template pool fallback chain found: explorify:farmstead/build -> explorify:farmstead/build
[00:38:51] [c2me-worker-3/WARN]: Template pool fallback chain found: explorify:farmstead/build -> explorify:farmstead/build
[00:38:51] [c2me-worker-3/WARN]: Template pool fallback chain found: explorify:farmstead/build -> explorify:farmstead/build
[00:38:51] [c2me-worker-3/WARN]: Template pool fallback chain found: explorify:farmstead/build -> explorify:farmstead/build
[00:38:51] [c2me-worker-3/WARN]: Template pool fallback chain found: explorify:farmstead/build -> explorify:farmstead/build
[00:38:51] [c2me-worker-3/WARN]: Template pool fallback chain found: explorify:farmstead/build -> explorify:farmstead/build
[00:38:51] [c2me-worker-3/WARN]: Template pool fallback chain found: explorify:farmstead/build -> explorify:farmstead/build
[00:38:51] [c2me-worker-3/WARN]: Template pool fallback chain found: explorify:farmstead/build -> explorify:farmstead/build
[00:38:51] [c2me-worker-3/WARN]: Template pool fallback chain found: explorify:farmstead/build -> explorify:farmstead/build
[00:38:51] [c2me-worker-3/WARN]: Template pool fallback chain found: explorify:farmstead/build -> explorify:farmstead/build
[00:38:51] [c2me-worker-3/WARN]: Template pool fallback chain found: explorify:farmstead/build -> explorify:farmstead/build
[00:38:51] [c2me-worker-3/WARN]: Template pool fallback chain found: explorify:farmstead/build -> explorify:farmstead/build
[00:38:51] [c2me-worker-3/WARN]: Template pool fallback chain found: explorify:farmstead/build -> explorify:farmstead/build
[00:38:51] [c2me-worker-3/WARN]: Template pool fallback chain found: explorify:farmstead/build -> explorify:farmstead/build
[00:38:51] [c2me-worker-3/WARN]: Template pool fallback chain found: explorify:farmstead/build -> explorify:farmstead/build
[00:38:51] [c2me-worker-3/WARN]: Template pool fallback chain found: explorify:farmstead/build -> explorify:farmstead/build
[00:38:51] [c2me-worker-3/WARN]: Template pool fallback chain found: explorify:farmstead/build -> explorify:farmstead/build
[00:38:51] [c2me-worker-3/WARN]: Template pool fallback chain found: explorify:farmstead/build -> explorify:farmstead/build
[00:38:51] [c2me-worker-3/WARN]: Template pool fallback chain found: explorify:farmstead/build -> explorify:farmstead/build
[00:38:51] [c2me-worker-3/WARN]: Template pool fallback chain found: explorify:farmstead/build -> explorify:farmstead/build
[00:38:51] [c2me-worker-3/WARN]: Template pool fallback chain found: explorify:farmstead/build -> explorify:farmstead/build
[00:38:51] [c2me-worker-3/WARN]: Template pool fallback chain found: explorify:farmstead/build -> explorify:farmstead/build
[00:38:51] [c2me-worker-3/WARN]: Template pool fallback chain found: explorify:farmstead/build -> explorify:farmstead/build
[00:38:51] [c2me-worker-3/WARN]: Template pool fallback chain found: explorify:farmstead/build -> explorify:farmstead/build
[00:38:51] [c2me-worker-3/WARN]: Template pool fallback chain found: explorify:farmstead/build -> explorify:farmstead/build
[00:38:51] [c2me-worker-3/WARN]: Template pool fallback chain found: explorify:farmstead/build -> explorify:farmstead/build
[00:38:51] [c2me-worker-3/WARN]: Template pool fallback chain found: explorify:farmstead/build -> explorify:farmstead/build
[00:38:51] [c2me-worker-3/WARN]: Template pool fallback chain found: explorify:farmstead/build -> explorify:farmstead/build
[00:48:37] [c2me-worker-3/WARN]: Template pool fallback chain found: kaisyn:village/modded/waystones/waystone_default -> kaisyn:village/modded/waystones/waystone_default
[00:49:19] [c2me-worker-1/ERROR]: Couldn't load structure mss:desert_well
net.minecraft.class_8911: Loading NBT data
	at knot/net.minecraft.class_2487.method_10581(class_2487.java:530) ~[server-intermediary.jar:?]
	at knot/net.minecraft.class_2487$1.method_53889(class_2487.java:76) ~[server-intermediary.jar:?]
	at knot/net.minecraft.class_2487$1.method_23240(class_2487.java:63) ~[server-intermediary.jar:?]
	at knot/net.minecraft.class_2487$1.method_23262(class_2487.java:58) ~[server-intermediary.jar:?]
	at knot/net.minecraft.class_2499$1.method_53895(class_2499.java:48) ~[server-intermediary.jar:?]
	at knot/net.minecraft.class_2499$1.method_23249(class_2499.java:31) ~[server-intermediary.jar:?]
	at knot/net.minecraft.class_2499$1.method_23262(class_2499.java:26) ~[server-intermediary.jar:?]
	at knot/net.minecraft.class_2487.method_10581(class_2487.java:524) ~[server-intermediary.jar:?]
	at knot/net.minecraft.class_2487$1.method_53889(class_2487.java:76) ~[server-intermediary.jar:?]
	at knot/net.minecraft.class_2487$1.method_23240(class_2487.java:63) ~[server-intermediary.jar:?]
	at knot/net.minecraft.class_2487$1.method_23262(class_2487.java:58) ~[server-intermediary.jar:?]
	at knot/net.minecraft.class_2507.method_52892(class_2507.java:191) ~[server-intermediary.jar:?]
	at knot/net.minecraft.class_2507.method_10626(class_2507.java:186) ~[server-intermediary.jar:?]
	at knot/net.minecraft.class_2507.method_10625(class_2507.java:111) ~[server-intermediary.jar:?]
	at knot/net.minecraft.class_2507.method_10629(class_2507.java:51) ~[server-intermediary.jar:?]
	at knot/net.minecraft.class_3485.method_15090(class_3485.java:242) ~[server-intermediary.jar:?]
	at knot/net.minecraft.class_3485.method_44231(class_3485.java:232) ~[server-intermediary.jar:?]
	at knot/net.minecraft.class_3485.method_15088(class_3485.java:136) ~[server-intermediary.jar:?]
	at knot/net.minecraft.class_3485.method_44245(class_3485.java:114) ~[server-intermediary.jar:?]
	at knot/com.google.common.cache.LocalCache.lambda$computeIfAbsent$0(LocalCache.java:4276) ~[guava-33.3.1-jre.jar:?]
	at knot/com.google.common.cache.LocalCache$LoadingValueReference.compute(LocalCache.java:3611) ~[guava-33.3.1-jre.jar:?]
	at knot/com.google.common.cache.LocalCache$Segment.compute(LocalCache.java:2281) ~[guava-33.3.1-jre.jar:?]
	at knot/com.google.common.cache.LocalCache.compute(LocalCache.java:4269) ~[guava-33.3.1-jre.jar:?]
	at knot/com.google.common.cache.LocalCache.computeIfAbsent(LocalCache.java:4276) ~[guava-33.3.1-jre.jar:?]
	at knot/net.minecraft.class_3485.method_15094(class_3485.java:104) ~[server-intermediary.jar:?]
	at knot/net.minecraft.class_3485.method_15091(class_3485.java:92) ~[server-intermediary.jar:?]
	at knot/com.mojang.datafixers.util.Either$Left.map(Either.java:38) ~[datafixerupper-8.0.16.jar:?]
	at knot/net.minecraft.class_3781.method_27233(class_3781.java:93) ~[server-intermediary.jar:?]
	at knot/net.minecraft.class_3781.method_16628(class_3781.java:132) ~[server-intermediary.jar:?]
	at knot/com.finndog.mss.world.structures.pieces.PieceLimitedJigsawManager.assembleJigsawStructure(PieceLimitedJigsawManager.java:108) ~[mss-1.3.2-1.21.4.jar:?]
	at knot/com.finndog.mss.world.structures.GenericJigsawStructure.method_38676(GenericJigsawStructure.java:213) ~[mss-1.3.2-1.21.4.jar:?]
	at knot/net.minecraft.class_3195.method_47932(class_3195.java:252) ~[server-intermediary.jar:?]
	at knot/net.minecraft.class_3195.method_41614(class_3195.java:166) ~[server-intermediary.jar:?]
	at knot/net.minecraft.class_2794.method_41044(class_2794.java:518) ~[server-intermediary.jar:?]
	at knot/net.minecraft.class_2794.method_41041(class_2794.java:471) ~[server-intermediary.jar:?]
	at java.base/java.lang.Iterable.forEach(Iterable.java:75) ~[?:?]
	at knot/net.minecraft.class_2794.method_16129(class_2794.java:453) ~[server-intermediary.jar:?]
	at knot/net.minecraft.class_9310.method_57601(class_9310.java:37) ~[server-intermediary.jar:?]
	at knot/net.minecraft.class_9770.method_60560(class_9770.java:33) ~[server-intermediary.jar:?]
	at knot/com.ishland.c2me.rewrites.chunksystem.common.statuses.VanillaWorldGenerationDelegate.lambda$upgradeToThis$8(VanillaWorldGenerationDelegate.java:137) ~[c2me-rewrites-chunk-system-0.3.1.1.0+1.21.4-da93ce0cd5b22344.jar:?]
	at knot/com.ishland.c2me.base.common.scheduler.ScheduledTask.run(ScheduledTask.java:22) [c2me-base-0.3.1.2+rc.1.0+1.21.4-f048f388cfced681.jar:?]
	at knot/com.ishland.flowsched.executor.WorkerThread.pollTasks(WorkerThread.java:57) [c2me-base-0.3.1.2+rc.1.0+1.21.4-f048f388cfced681.jar:?]
	at knot/com.ishland.flowsched.executor.WorkerThread.run(WorkerThread.java:27) [c2me-base-0.3.1.2+rc.1.0+1.21.4-f048f388cfced681.jar:?]
Caused by: java.io.IOException: Invalid tag id: 16
	at knot/net.minecraft.class_4614$1.method_39878(class_4614.java:58) ~[server-intermediary.jar:?]
	at knot/net.minecraft.class_4614$1.method_23264(class_4614.java:63) ~[server-intermediary.jar:?]
	at knot/net.minecraft.class_4614$1.method_23262(class_4614.java:56) ~[server-intermediary.jar:?]
	at knot/net.minecraft.class_2487.method_10581(class_2487.java:524) ~[server-intermediary.jar:?]
	... 42 more
[00:49:23] [c2me-worker-1/WARN]: Template pool fallback chain found: explorify:farmstead/build -> explorify:farmstead/build
[00:49:23] [c2me-worker-1/WARN]: Template pool fallback chain found: explorify:farmstead/build -> explorify:farmstead/build
[00:49:23] [c2me-worker-1/WARN]: Template pool fallback chain found: explorify:farmstead/build -> explorify:farmstead/build
[00:49:23] [c2me-worker-1/WARN]: Template pool fallback chain found: explorify:farmstead/build -> explorify:farmstead/build
[00:49:23] [c2me-worker-1/WARN]: Template pool fallback chain found: explorify:farmstead/build -> explorify:farmstead/build
[00:49:23] [c2me-worker-1/WARN]: Template pool fallback chain found: explorify:farmstead/build -> explorify:farmstead/build
[00:49:23] [c2me-worker-1/WARN]: Template pool fallback chain found: explorify:farmstead/build -> explorify:farmstead/build
[00:49:23] [c2me-worker-1/WARN]: Template pool fallback chain found: explorify:farmstead/build -> explorify:farmstead/build
[00:49:23] [c2me-worker-1/WARN]: Template pool fallback chain found: explorify:farmstead/build -> explorify:farmstead/build
[00:49:23] [c2me-worker-1/WARN]: Template pool fallback chain found: explorify:farmstead/build -> explorify:farmstead/build
[00:49:23] [c2me-worker-1/WARN]: Template pool fallback chain found: explorify:farmstead/build -> explorify:farmstead/build
[00:49:23] [c2me-worker-1/WARN]: Template pool fallback chain found: explorify:farmstead/build -> explorify:farmstead/build
[00:49:23] [c2me-worker-1/WARN]: Template pool fallback chain found: explorify:farmstead/build -> explorify:farmstead/build
[00:49:23] [c2me-worker-1/WARN]: Template pool fallback chain found: explorify:farmstead/build -> explorify:farmstead/build
[00:49:23] [c2me-worker-1/WARN]: Template pool fallback chain found: explorify:farmstead/build -> explorify:farmstead/build
[00:49:23] [c2me-worker-1/WARN]: Template pool fallback chain found: explorify:farmstead/build -> explorify:farmstead/build
[00:49:23] [c2me-worker-1/WARN]: Template pool fallback chain found: explorify:farmstead/build -> explorify:farmstead/build
[00:52:39] [c2me-worker-0/WARN]: Template pool fallback chain found: kaisyn:village/modded/waystones/waystone_default -> kaisyn:village/modded/waystones/waystone_default
[00:54:12] [Server thread/INFO]: PotatoUltraCute fell from a high place
[00:54:12] [Server thread/INFO]: Created new backpack backup file for PotatoUltraCute with unique ID travelersbackpack.sheep_15.03.2025-00.54.12.dat
[00:54:12] [Server thread/ERROR]: Tried to load invalid item: 'No key value in MapLike[{name:"textures",signature:"vanilla_refresh_death_head"}] missed input: {"minecraft:profile":{id:[I;1740322621,-102615368,-1579706129,1419831467],name:"PotatoUltraCute",properties:[{name:"textures",signature:"vanilla_refresh_death_head"}]}}'
[00:54:22] [Server thread/INFO]: [mb_leo: Teleported PotatoUltraCute to mb_leo]
[00:54:51] [c2me-worker-2/WARN]: Couldn't find template pool reference: kaisyn:village/sparse_jungle_polynesian/villager_village_chief
[00:54:51] [c2me-worker-2/WARN]: Template pool fallback chain found: kaisyn:village/modded/waystones/waystone_default -> kaisyn:village/modded/waystones/waystone_default
[00:57:42] [c2me-worker-0/WARN]: Skipping Entity with id 
[00:57:42] [c2me-worker-0/WARN]: Skipping Entity with id 
[00:57:50] [c2me-worker-3/WARN]: Skipping Entity with id 
[00:57:52] [c2me-worker-1/WARN]: Skipping Entity with id 
[00:57:52] [c2me-worker-0/WARN]: Skipping Entity with id 
[00:58:32] [c2me-worker-2/WARN]: Skipping Entity with id 
[00:58:32] [c2me-worker-2/WARN]: Skipping Entity with id 
[00:58:54] [c2me-worker-1/ERROR]: Couldn't load structure mss:desert_well
net.minecraft.class_8911: Loading NBT data
	at knot/net.minecraft.class_2487.method_10581(class_2487.java:530) ~[server-intermediary.jar:?]
	at knot/net.minecraft.class_2487$1.method_53889(class_2487.java:76) ~[server-intermediary.jar:?]
	at knot/net.minecraft.class_2487$1.method_23240(class_2487.java:63) ~[server-intermediary.jar:?]
	at knot/net.minecraft.class_2487$1.method_23262(class_2487.java:58) ~[server-intermediary.jar:?]
	at knot/net.minecraft.class_2499$1.method_53895(class_2499.java:48) ~[server-intermediary.jar:?]
	at knot/net.minecraft.class_2499$1.method_23249(class_2499.java:31) ~[server-intermediary.jar:?]
	at knot/net.minecraft.class_2499$1.method_23262(class_2499.java:26) ~[server-intermediary.jar:?]
	at knot/net.minecraft.class_2487.method_10581(class_2487.java:524) ~[server-intermediary.jar:?]
	at knot/net.minecraft.class_2487$1.method_53889(class_2487.java:76) ~[server-intermediary.jar:?]
	at knot/net.minecraft.class_2487$1.method_23240(class_2487.java:63) ~[server-intermediary.jar:?]
	at knot/net.minecraft.class_2487$1.method_23262(class_2487.java:58) ~[server-intermediary.jar:?]
	at knot/net.minecraft.class_2507.method_52892(class_2507.java:191) ~[server-intermediary.jar:?]
	at knot/net.minecraft.class_2507.method_10626(class_2507.java:186) ~[server-intermediary.jar:?]
	at knot/net.minecraft.class_2507.method_10625(class_2507.java:111) ~[server-intermediary.jar:?]
	at knot/net.minecraft.class_2507.method_10629(class_2507.java:51) ~[server-intermediary.jar:?]
	at knot/net.minecraft.class_3485.method_15090(class_3485.java:242) ~[server-intermediary.jar:?]
	at knot/net.minecraft.class_3485.method_44231(class_3485.java:232) ~[server-intermediary.jar:?]
	at knot/net.minecraft.class_3485.method_15088(class_3485.java:136) ~[server-intermediary.jar:?]
	at knot/net.minecraft.class_3485.method_44245(class_3485.java:114) ~[server-intermediary.jar:?]
	at knot/com.google.common.cache.LocalCache.lambda$computeIfAbsent$0(LocalCache.java:4276) ~[guava-33.3.1-jre.jar:?]
	at knot/com.google.common.cache.LocalCache$LoadingValueReference.compute(LocalCache.java:3611) ~[guava-33.3.1-jre.jar:?]
	at knot/com.google.common.cache.LocalCache$Segment.compute(LocalCache.java:2281) ~[guava-33.3.1-jre.jar:?]
	at knot/com.google.common.cache.LocalCache.compute(LocalCache.java:4269) ~[guava-33.3.1-jre.jar:?]
	at knot/com.google.common.cache.LocalCache.computeIfAbsent(LocalCache.java:4276) ~[guava-33.3.1-jre.jar:?]
	at knot/net.minecraft.class_3485.method_15094(class_3485.java:104) ~[server-intermediary.jar:?]
	at knot/net.minecraft.class_3485.method_15091(class_3485.java:92) ~[server-intermediary.jar:?]
	at knot/com.mojang.datafixers.util.Either$Left.map(Either.java:38) ~[datafixerupper-8.0.16.jar:?]
	at knot/net.minecraft.class_3781.method_27233(class_3781.java:93) ~[server-intermediary.jar:?]
	at knot/net.minecraft.class_3781.method_16628(class_3781.java:132) ~[server-intermediary.jar:?]
	at knot/com.finndog.mss.world.structures.pieces.PieceLimitedJigsawManager.assembleJigsawStructure(PieceLimitedJigsawManager.java:108) ~[mss-1.3.2-1.21.4.jar:?]
	at knot/com.finndog.mss.world.structures.GenericJigsawStructure.method_38676(GenericJigsawStructure.java:213) ~[mss-1.3.2-1.21.4.jar:?]
	at knot/net.minecraft.class_3195.method_47932(class_3195.java:252) ~[server-intermediary.jar:?]
	at knot/net.minecraft.class_3195.method_41614(class_3195.java:166) ~[server-intermediary.jar:?]
	at knot/net.minecraft.class_2794.method_41044(class_2794.java:518) ~[server-intermediary.jar:?]
	at knot/net.minecraft.class_2794.method_41041(class_2794.java:471) ~[server-intermediary.jar:?]
	at java.base/java.lang.Iterable.forEach(Iterable.java:75) ~[?:?]
	at knot/net.minecraft.class_2794.method_16129(class_2794.java:453) ~[server-intermediary.jar:?]
	at knot/net.minecraft.class_9310.method_57601(class_9310.java:37) ~[server-intermediary.jar:?]
	at knot/net.minecraft.class_9770.method_60560(class_9770.java:33) ~[server-intermediary.jar:?]
	at knot/com.ishland.c2me.rewrites.chunksystem.common.statuses.VanillaWorldGenerationDelegate.lambda$upgradeToThis$8(VanillaWorldGenerationDelegate.java:137) ~[c2me-rewrites-chunk-system-0.3.1.1.0+1.21.4-da93ce0cd5b22344.jar:?]
	at knot/com.ishland.c2me.base.common.scheduler.ScheduledTask.run(ScheduledTask.java:22) [c2me-base-0.3.1.2+rc.1.0+1.21.4-f048f388cfced681.jar:?]
	at knot/com.ishland.flowsched.executor.WorkerThread.pollTasks(WorkerThread.java:57) [c2me-base-0.3.1.2+rc.1.0+1.21.4-f048f388cfced681.jar:?]
	at knot/com.ishland.flowsched.executor.WorkerThread.run(WorkerThread.java:27) [c2me-base-0.3.1.2+rc.1.0+1.21.4-f048f388cfced681.jar:?]
Caused by: java.io.IOException: Invalid tag id: 16
	at knot/net.minecraft.class_4614$1.method_39878(class_4614.java:58) ~[server-intermediary.jar:?]
	at knot/net.minecraft.class_4614$1.method_23264(class_4614.java:63) ~[server-intermediary.jar:?]
	at knot/net.minecraft.class_4614$1.method_23262(class_4614.java:56) ~[server-intermediary.jar:?]
	at knot/net.minecraft.class_2487.method_10581(class_2487.java:524) ~[server-intermediary.jar:?]
	... 42 more
[01:22:54] [Server thread/INFO]: mb_leo lost connection: Disconnected
[01:22:54] [Server thread/INFO]: mb_leo left the game
[01:22:55] [Server thread/INFO]: PotatoUltraCute lost connection: Disconnected
[01:22:55] [Server thread/INFO]: PotatoUltraCute left the game
[01:23:19] [Server thread/INFO]: Stopping the server
[01:23:19] [Server thread/INFO]: Stopping server
[01:23:19] [Server thread/INFO]: Saving players
[01:23:19] [Server thread/INFO]: Saving worlds
[01:23:19] [Server thread/INFO]: Saving chunks for level 'ServerLevel[world]'/minecraft:overworld
[01:23:19] [Server thread/INFO]: Saving chunks for level 'ServerLevel[world]'/minecraft:the_nether
[01:23:19] [Server thread/INFO]: Saving chunks for level 'ServerLevel[world]'/minecraft:the_end
[01:23:19] [Server thread/INFO]: ThreadedAnvilChunkStorage (world): All chunks are saved
[01:23:19] [Server thread/INFO]: ThreadedAnvilChunkStorage (DIM-1): All chunks are saved
[01:23:19] [Server thread/INFO]: ThreadedAnvilChunkStorage (DIM1): All chunks are saved
[01:23:19] [Server thread/INFO]: ThreadedAnvilChunkStorage: All dimensions are saved
[01:23:20] [C2ME Storage #3/INFO]: Storage thread Thread[#88,C2ME Storage #3,8,main] stopped
[01:23:20] [C2ME Storage #2/INFO]: Storage thread Thread[#87,C2ME Storage #2,8,main] stopped
[01:23:20] [C2ME Storage #1/INFO]: Storage thread Thread[#86,C2ME Storage #1,8,main] stopped
[01:23:20] [C2ME Storage #6/INFO]: Storage thread Thread[#93,C2ME Storage #6,8,main] stopped
[01:23:20] [C2ME Storage #5/INFO]: Storage thread Thread[#92,C2ME Storage #5,8,main] stopped
[01:23:20] [C2ME Storage #4/INFO]: Storage thread Thread[#91,C2ME Storage #4,8,main] stopped
[01:23:20] [C2ME Storage #9/INFO]: Storage thread Thread[#97,C2ME Storage #9,8,main] stopped
[01:23:20] [C2ME Storage #8/INFO]: Storage thread Thread[#96,C2ME Storage #8,8,main] stopped
[01:23:20] [C2ME Storage #7/INFO]: Storage thread Thread[#95,C2ME Storage #7,8,main] stopped
[01:23:20] [Server thread/INFO]: Dispatching unloading event for config leavesbegone-server.toml
[01:23:20] [Server thread/INFO]: Dispatching unloading event for config pickupnotifier/pickupnotifier-server.toml
